<?xml version="1.0" encoding="UTF-8"?>
<coverage generated="1720681752312" clover="3.2.0">
  <project timestamp="1720681752313" name="All files">
    <metrics statements="9" coveredstatements="7" conditionals="1" coveredconditionals="0" methods="2" coveredmethods="1" elements="12" coveredelements="8" complexity="0" loc="9" ncloc="9" packages="1" files="1" classes="1"/>
    <file name="index.ts" path="C:\Users\yagua\AI4Devs\AI4Devs_ATS_LTI_CAAM\backend\src\index.ts">
      <metrics statements="9" coveredstatements="7" conditionals="1" coveredconditionals="0" methods="2" coveredmethods="1"/>
      <line num="1" count="1" type="stmt"/>
      <line num="3" count="1" type="stmt"/>
      <line num="4" count="1" type="stmt"/>
      <line num="6" count="1" type="stmt"/>
      <line num="7" count="1" type="stmt"/>
      <line num="10" count="1" type="cond" truecount="0" falsecount="1"/>
      <line num="11" count="0" type="stmt"/>
      <line num="12" count="0" type="stmt"/>
      <line num="16" count="1" type="stmt"/>
    </file>
  </project>
</coverage>
